<?xml version="1.0" encoding="UTF-8"?>
<!-- Generated by org.testng.reporters.JUnitReportReporter -->
<testsuite hostname="DESKTOP-TQ2860U" name="com.NetBanking.TestCases.Tc_AddCustomer_003" tests="1" failures="0" timestamp="21 Apr 2021 12:09:22 GMT" time="13.252" errors="0">
  <testcase name="addNewCustomer" time="13.252" classname="com.NetBanking.TestCases.Tc_AddCustomer_003"/>
</testsuite> <!-- com.NetBanking.TestCases.Tc_AddCustomer_003 -->
