<?xml version="1.0" encoding="UTF-8"?>
<!-- Generated by org.testng.reporters.JUnitReportReporter -->
<testsuite hostname="DESKTOP-TQ2860U" failures="0" tests="1" name="com.NetBanking.TestCases.TC_LoginTest_001" time="2.542" errors="0" timestamp="22 Apr 2021 12:56:48 GMT">
  <testcase classname="com.NetBanking.TestCases.TC_LoginTest_001" name="loginTest" time="2.542"/>
</testsuite> <!-- com.NetBanking.TestCases.TC_LoginTest_001 -->
