<?xml version="1.0" encoding="UTF-8"?>
<!-- Generated by org.testng.reporters.JUnitReportReporter -->
<testsuite hostname="DESKTOP-TQ2860U" failures="0" tests="1" name="com.NetBanking.TestCases.Tc_AddCustomer_003" time="13.005" errors="0" timestamp="22 Apr 2021 12:56:48 GMT">
  <testcase classname="com.NetBanking.TestCases.Tc_AddCustomer_003" name="addNewCustomer" time="13.005"/>
</testsuite> <!-- com.NetBanking.TestCases.Tc_AddCustomer_003 -->
